<?xml version="1.0" encoding="UTF-8"?>
<!-- Generated by org.testng.reporters.JUnitReportReporter -->
<testsuite hostname="DESKTOP-M4UQS9M" failures="0" tests="1" name="org.example.SignInTest" time="5.511" errors="0" timestamp="2023-06-29T12:00:14 EEST" skipped="0">
  <testcase classname="org.example.SignInTest" name="signInTest" time="5.511"/>
</testsuite> <!-- org.example.SignInTest -->
